<?xml version="1.0" encoding="UTF-8"?>
<testsuite xmlns:xsi="http://www.w3.org/2001/XMLSchema-instance" xsi:noNamespaceSchemaLocation="https://maven.apache.org/surefire/maven-surefire-plugin/xsd/surefire-test-report.xsd" name="cn.just.shinelon.AppTest" time="0.02" tests="1" errors="0" skipped="0" failures="0">
  <properties>
    <property name="sun.desktop" value="windows"/>
    <property name="awt.toolkit" value="sun.awt.windows.WToolkit"/>
    <property name="file.encoding.pkg" value="sun.io"/>
    <property name="java.specification.version" value="1.8"/>
    <property name="sun.cpu.isalist" value="amd64"/>
    <property name="sun.jnu.encoding" value="GBK"/>
    <property name="java.class.path" value="F:\Storm\target\test-classes;F:\Storm\target\classes;C:\Users\shinelon\.m2\repository\junit\junit\4.11\junit-4.11.jar;C:\Users\shinelon\.m2\repository\org\hamcrest\hamcrest-core\1.3\hamcrest-core-1.3.jar;C:\Users\shinelon\.m2\repository\org\apache\storm\storm-core\1.1.2\storm-core-1.1.2.jar;C:\Users\shinelon\.m2\repository\com\esotericsoftware\kryo\3.0.3\kryo-3.0.3.jar;C:\Users\shinelon\.m2\repository\com\esotericsoftware\reflectasm\1.10.1\reflectasm-1.10.1.jar;C:\Users\shinelon\.m2\repository\org\ow2\asm\asm\5.0.3\asm-5.0.3.jar;C:\Users\shinelon\.m2\repository\com\esotericsoftware\minlog\1.3.0\minlog-1.3.0.jar;C:\Users\shinelon\.m2\repository\org\objenesis\objenesis\2.1\objenesis-2.1.jar;C:\Users\shinelon\.m2\repository\org\clojure\clojure\1.7.0\clojure-1.7.0.jar;C:\Users\shinelon\.m2\repository\ring-cors\ring-cors\0.1.5\ring-cors-0.1.5.jar;C:\Users\shinelon\.m2\repository\com\lmax\disruptor\3.3.2\disruptor-3.3.2.jar;C:\Users\shinelon\.m2\repository\org\apache\logging\log4j\log4j-api\2.8.2\log4j-api-2.8.2.jar;C:\Users\shinelon\.m2\repository\org\apache\logging\log4j\log4j-core\2.8.2\log4j-core-2.8.2.jar;C:\Users\shinelon\.m2\repository\org\apache\logging\log4j\log4j-slf4j-impl\2.8.2\log4j-slf4j-impl-2.8.2.jar;C:\Users\shinelon\.m2\repository\org\slf4j\log4j-over-slf4j\1.6.6\log4j-over-slf4j-1.6.6.jar;C:\Users\shinelon\.m2\repository\javax\servlet\servlet-api\2.5\servlet-api-2.5.jar;C:\Users\shinelon\.m2\repository\org\slf4j\slf4j-api\1.7.21\slf4j-api-1.7.21.jar;C:\Users\shinelon\.m2\repository\commons-io\commons-io\2.4\commons-io-2.4.jar;C:\Users\shinelon\.m2\repository\org\apache\hadoop\hadoop-client\2.6.0-cdh5.7.0\hadoop-client-2.6.0-cdh5.7.0.jar;C:\Users\shinelon\.m2\repository\org\apache\hadoop\hadoop-common\2.6.0-cdh5.7.0\hadoop-common-2.6.0-cdh5.7.0.jar;C:\Users\shinelon\.m2\repository\com\google\guava\guava\11.0.2\guava-11.0.2.jar;C:\Users\shinelon\.m2\repository\commons-cli\commons-cli\1.2\commons-cli-1.2.jar;C:\Users\shinelon\.m2\repository\org\apache\commons\commons-math3\3.1.1\commons-math3-3.1.1.jar;C:\Users\shinelon\.m2\repository\xmlenc\xmlenc\0.52\xmlenc-0.52.jar;C:\Users\shinelon\.m2\repository\commons-httpclient\commons-httpclient\3.1\commons-httpclient-3.1.jar;C:\Users\shinelon\.m2\repository\commons-codec\commons-codec\1.4\commons-codec-1.4.jar;C:\Users\shinelon\.m2\repository\commons-net\commons-net\3.1\commons-net-3.1.jar;C:\Users\shinelon\.m2\repository\commons-collections\commons-collections\3.2.2\commons-collections-3.2.2.jar;C:\Users\shinelon\.m2\repository\commons-logging\commons-logging\1.1.3\commons-logging-1.1.3.jar;C:\Users\shinelon\.m2\repository\log4j\log4j\1.2.17\log4j-1.2.17.jar;C:\Users\shinelon\.m2\repository\commons-lang\commons-lang\2.6\commons-lang-2.6.jar;C:\Users\shinelon\.m2\repository\commons-configuration\commons-configuration\1.6\commons-configuration-1.6.jar;C:\Users\shinelon\.m2\repository\commons-digester\commons-digester\1.8\commons-digester-1.8.jar;C:\Users\shinelon\.m2\repository\commons-beanutils\commons-beanutils\1.7.0\commons-beanutils-1.7.0.jar;C:\Users\shinelon\.m2\repository\commons-beanutils\commons-beanutils-core\1.8.0\commons-beanutils-core-1.8.0.jar;C:\Users\shinelon\.m2\repository\org\slf4j\slf4j-log4j12\1.7.5\slf4j-log4j12-1.7.5.jar;C:\Users\shinelon\.m2\repository\org\codehaus\jackson\jackson-core-asl\1.8.8\jackson-core-asl-1.8.8.jar;C:\Users\shinelon\.m2\repository\org\codehaus\jackson\jackson-mapper-asl\1.8.8\jackson-mapper-asl-1.8.8.jar;C:\Users\shinelon\.m2\repository\org\apache\avro\avro\1.7.6-cdh5.7.0\avro-1.7.6-cdh5.7.0.jar;C:\Users\shinelon\.m2\repository\com\thoughtworks\paranamer\paranamer\2.3\paranamer-2.3.jar;C:\Users\shinelon\.m2\repository\org\xerial\snappy\snappy-java\1.0.4.1\snappy-java-1.0.4.1.jar;C:\Users\shinelon\.m2\repository\com\google\protobuf\protobuf-java\2.5.0\protobuf-java-2.5.0.jar;C:\Users\shinelon\.m2\repository\com\google\code\gson\gson\2.2.4\gson-2.2.4.jar;C:\Users\shinelon\.m2\repository\org\apache\hadoop\hadoop-auth\2.6.0-cdh5.7.0\hadoop-auth-2.6.0-cdh5.7.0.jar;C:\Users\shinelon\.m2\repository\org\apache\httpcomponents\httpclient\4.2.5\httpclient-4.2.5.jar;C:\Users\shinelon\.m2\repository\org\apache\httpcomponents\httpcore\4.2.4\httpcore-4.2.4.jar;C:\Users\shinelon\.m2\repository\org\apache\directory\server\apacheds-kerberos-codec\2.0.0-M15\apacheds-kerberos-codec-2.0.0-M15.jar;C:\Users\shinelon\.m2\repository\org\apache\directory\server\apacheds-i18n\2.0.0-M15\apacheds-i18n-2.0.0-M15.jar;C:\Users\shinelon\.m2\repository\org\apache\directory\api\api-asn1-api\1.0.0-M20\api-asn1-api-1.0.0-M20.jar;C:\Users\shinelon\.m2\repository\org\apache\directory\api\api-util\1.0.0-M20\api-util-1.0.0-M20.jar;C:\Users\shinelon\.m2\repository\org\apache\curator\curator-framework\2.7.1\curator-framework-2.7.1.jar;C:\Users\shinelon\.m2\repository\org\apache\curator\curator-client\2.7.1\curator-client-2.7.1.jar;C:\Users\shinelon\.m2\repository\org\apache\curator\curator-recipes\2.7.1\curator-recipes-2.7.1.jar;C:\Users\shinelon\.m2\repository\com\google\code\findbugs\jsr305\3.0.0\jsr305-3.0.0.jar;C:\Users\shinelon\.m2\repository\org\apache\htrace\htrace-core4\4.0.1-incubating\htrace-core4-4.0.1-incubating.jar;C:\Users\shinelon\.m2\repository\org\apache\zookeeper\zookeeper\3.4.5-cdh5.7.0\zookeeper-3.4.5-cdh5.7.0.jar;C:\Users\shinelon\.m2\repository\org\apache\commons\commons-compress\1.4.1\commons-compress-1.4.1.jar;C:\Users\shinelon\.m2\repository\org\tukaani\xz\1.0\xz-1.0.jar;C:\Users\shinelon\.m2\repository\org\apache\hadoop\hadoop-hdfs\2.6.0-cdh5.7.0\hadoop-hdfs-2.6.0-cdh5.7.0.jar;C:\Users\shinelon\.m2\repository\org\mortbay\jetty\jetty-util\6.1.26.cloudera.4\jetty-util-6.1.26.cloudera.4.jar;C:\Users\shinelon\.m2\repository\io\netty\netty\3.6.2.Final\netty-3.6.2.Final.jar;C:\Users\shinelon\.m2\repository\io\netty\netty-all\4.0.23.Final\netty-all-4.0.23.Final.jar;C:\Users\shinelon\.m2\repository\xerces\xercesImpl\2.9.1\xercesImpl-2.9.1.jar;C:\Users\shinelon\.m2\repository\xml-apis\xml-apis\1.3.04\xml-apis-1.3.04.jar;C:\Users\shinelon\.m2\repository\org\fusesource\leveldbjni\leveldbjni-all\1.8\leveldbjni-all-1.8.jar;C:\Users\shinelon\.m2\repository\org\apache\hadoop\hadoop-mapreduce-client-app\2.6.0-cdh5.7.0\hadoop-mapreduce-client-app-2.6.0-cdh5.7.0.jar;C:\Users\shinelon\.m2\repository\org\apache\hadoop\hadoop-mapreduce-client-common\2.6.0-cdh5.7.0\hadoop-mapreduce-client-common-2.6.0-cdh5.7.0.jar;C:\Users\shinelon\.m2\repository\org\apache\hadoop\hadoop-yarn-client\2.6.0-cdh5.7.0\hadoop-yarn-client-2.6.0-cdh5.7.0.jar;C:\Users\shinelon\.m2\repository\org\apache\hadoop\hadoop-yarn-server-common\2.6.0-cdh5.7.0\hadoop-yarn-server-common-2.6.0-cdh5.7.0.jar;C:\Users\shinelon\.m2\repository\org\apache\hadoop\hadoop-mapreduce-client-shuffle\2.6.0-cdh5.7.0\hadoop-mapreduce-client-shuffle-2.6.0-cdh5.7.0.jar;C:\Users\shinelon\.m2\repository\org\apache\hadoop\hadoop-yarn-api\2.6.0-cdh5.7.0\hadoop-yarn-api-2.6.0-cdh5.7.0.jar;C:\Users\shinelon\.m2\repository\org\apache\hadoop\hadoop-mapreduce-client-core\2.6.0-cdh5.7.0\hadoop-mapreduce-client-core-2.6.0-cdh5.7.0.jar;C:\Users\shinelon\.m2\repository\org\apache\hadoop\hadoop-yarn-common\2.6.0-cdh5.7.0\hadoop-yarn-common-2.6.0-cdh5.7.0.jar;C:\Users\shinelon\.m2\repository\javax\xml\bind\jaxb-api\2.2.2\jaxb-api-2.2.2.jar;C:\Users\shinelon\.m2\repository\javax\xml\stream\stax-api\1.0-2\stax-api-1.0-2.jar;C:\Users\shinelon\.m2\repository\javax\activation\activation\1.1\activation-1.1.jar;C:\Users\shinelon\.m2\repository\com\sun\jersey\jersey-core\1.9\jersey-core-1.9.jar;C:\Users\shinelon\.m2\repository\com\sun\jersey\jersey-client\1.9\jersey-client-1.9.jar;C:\Users\shinelon\.m2\repository\org\codehaus\jackson\jackson-jaxrs\1.8.8\jackson-jaxrs-1.8.8.jar;C:\Users\shinelon\.m2\repository\org\codehaus\jackson\jackson-xc\1.8.8\jackson-xc-1.8.8.jar;C:\Users\shinelon\.m2\repository\org\apache\hadoop\hadoop-mapreduce-client-jobclient\2.6.0-cdh5.7.0\hadoop-mapreduce-client-jobclient-2.6.0-cdh5.7.0.jar;C:\Users\shinelon\.m2\repository\org\apache\hadoop\hadoop-aws\2.6.0-cdh5.7.0\hadoop-aws-2.6.0-cdh5.7.0.jar;C:\Users\shinelon\.m2\repository\com\fasterxml\jackson\core\jackson-databind\2.2.3\jackson-databind-2.2.3.jar;C:\Users\shinelon\.m2\repository\com\fasterxml\jackson\core\jackson-core\2.2.3\jackson-core-2.2.3.jar;C:\Users\shinelon\.m2\repository\com\fasterxml\jackson\core\jackson-annotations\2.2.3\jackson-annotations-2.2.3.jar;C:\Users\shinelon\.m2\repository\com\amazonaws\aws-java-sdk-s3\1.10.6\aws-java-sdk-s3-1.10.6.jar;C:\Users\shinelon\.m2\repository\com\amazonaws\aws-java-sdk-kms\1.10.6\aws-java-sdk-kms-1.10.6.jar;C:\Users\shinelon\.m2\repository\com\amazonaws\aws-java-sdk-core\1.10.6\aws-java-sdk-core-1.10.6.jar;C:\Users\shinelon\.m2\repository\org\apache\hadoop\hadoop-annotations\2.6.0-cdh5.7.0\hadoop-annotations-2.6.0-cdh5.7.0.jar;"/>
    <property name="java.vm.vendor" value="Oracle Corporation"/>
    <property name="sun.arch.data.model" value="64"/>
    <property name="user.variant" value=""/>
    <property name="java.vendor.url" value="http://java.oracle.com/"/>
    <property name="user.timezone" value=""/>
    <property name="java.vm.specification.version" value="1.8"/>
    <property name="os.name" value="Windows 10"/>
    <property name="user.country" value="CN"/>
    <property name="sun.java.launcher" value="SUN_STANDARD"/>
    <property name="sun.boot.library.path" value="C:\Program Files\Java\jdk1.8.0_161\jre\bin"/>
    <property name="sun.java.command" value="C:\Users\shinelon\AppData\Local\Temp\surefire6276243450681686445\surefirebooter1646078453408480962.jar C:\Users\shinelon\AppData\Local\Temp\surefire6276243450681686445 2018-09-07T22-52-24_894-jvmRun1 surefire527729423194310305tmp surefire_06037861529362342331tmp"/>
    <property name="surefire.test.class.path" value="F:\Storm\target\test-classes;F:\Storm\target\classes;C:\Users\shinelon\.m2\repository\junit\junit\4.11\junit-4.11.jar;C:\Users\shinelon\.m2\repository\org\hamcrest\hamcrest-core\1.3\hamcrest-core-1.3.jar;C:\Users\shinelon\.m2\repository\org\apache\storm\storm-core\1.1.2\storm-core-1.1.2.jar;C:\Users\shinelon\.m2\repository\com\esotericsoftware\kryo\3.0.3\kryo-3.0.3.jar;C:\Users\shinelon\.m2\repository\com\esotericsoftware\reflectasm\1.10.1\reflectasm-1.10.1.jar;C:\Users\shinelon\.m2\repository\org\ow2\asm\asm\5.0.3\asm-5.0.3.jar;C:\Users\shinelon\.m2\repository\com\esotericsoftware\minlog\1.3.0\minlog-1.3.0.jar;C:\Users\shinelon\.m2\repository\org\objenesis\objenesis\2.1\objenesis-2.1.jar;C:\Users\shinelon\.m2\repository\org\clojure\clojure\1.7.0\clojure-1.7.0.jar;C:\Users\shinelon\.m2\repository\ring-cors\ring-cors\0.1.5\ring-cors-0.1.5.jar;C:\Users\shinelon\.m2\repository\com\lmax\disruptor\3.3.2\disruptor-3.3.2.jar;C:\Users\shinelon\.m2\repository\org\apache\logging\log4j\log4j-api\2.8.2\log4j-api-2.8.2.jar;C:\Users\shinelon\.m2\repository\org\apache\logging\log4j\log4j-core\2.8.2\log4j-core-2.8.2.jar;C:\Users\shinelon\.m2\repository\org\apache\logging\log4j\log4j-slf4j-impl\2.8.2\log4j-slf4j-impl-2.8.2.jar;C:\Users\shinelon\.m2\repository\org\slf4j\log4j-over-slf4j\1.6.6\log4j-over-slf4j-1.6.6.jar;C:\Users\shinelon\.m2\repository\javax\servlet\servlet-api\2.5\servlet-api-2.5.jar;C:\Users\shinelon\.m2\repository\org\slf4j\slf4j-api\1.7.21\slf4j-api-1.7.21.jar;C:\Users\shinelon\.m2\repository\commons-io\commons-io\2.4\commons-io-2.4.jar;C:\Users\shinelon\.m2\repository\org\apache\hadoop\hadoop-client\2.6.0-cdh5.7.0\hadoop-client-2.6.0-cdh5.7.0.jar;C:\Users\shinelon\.m2\repository\org\apache\hadoop\hadoop-common\2.6.0-cdh5.7.0\hadoop-common-2.6.0-cdh5.7.0.jar;C:\Users\shinelon\.m2\repository\com\google\guava\guava\11.0.2\guava-11.0.2.jar;C:\Users\shinelon\.m2\repository\commons-cli\commons-cli\1.2\commons-cli-1.2.jar;C:\Users\shinelon\.m2\repository\org\apache\commons\commons-math3\3.1.1\commons-math3-3.1.1.jar;C:\Users\shinelon\.m2\repository\xmlenc\xmlenc\0.52\xmlenc-0.52.jar;C:\Users\shinelon\.m2\repository\commons-httpclient\commons-httpclient\3.1\commons-httpclient-3.1.jar;C:\Users\shinelon\.m2\repository\commons-codec\commons-codec\1.4\commons-codec-1.4.jar;C:\Users\shinelon\.m2\repository\commons-net\commons-net\3.1\commons-net-3.1.jar;C:\Users\shinelon\.m2\repository\commons-collections\commons-collections\3.2.2\commons-collections-3.2.2.jar;C:\Users\shinelon\.m2\repository\commons-logging\commons-logging\1.1.3\commons-logging-1.1.3.jar;C:\Users\shinelon\.m2\repository\log4j\log4j\1.2.17\log4j-1.2.17.jar;C:\Users\shinelon\.m2\repository\commons-lang\commons-lang\2.6\commons-lang-2.6.jar;C:\Users\shinelon\.m2\repository\commons-configuration\commons-configuration\1.6\commons-configuration-1.6.jar;C:\Users\shinelon\.m2\repository\commons-digester\commons-digester\1.8\commons-digester-1.8.jar;C:\Users\shinelon\.m2\repository\commons-beanutils\commons-beanutils\1.7.0\commons-beanutils-1.7.0.jar;C:\Users\shinelon\.m2\repository\commons-beanutils\commons-beanutils-core\1.8.0\commons-beanutils-core-1.8.0.jar;C:\Users\shinelon\.m2\repository\org\slf4j\slf4j-log4j12\1.7.5\slf4j-log4j12-1.7.5.jar;C:\Users\shinelon\.m2\repository\org\codehaus\jackson\jackson-core-asl\1.8.8\jackson-core-asl-1.8.8.jar;C:\Users\shinelon\.m2\repository\org\codehaus\jackson\jackson-mapper-asl\1.8.8\jackson-mapper-asl-1.8.8.jar;C:\Users\shinelon\.m2\repository\org\apache\avro\avro\1.7.6-cdh5.7.0\avro-1.7.6-cdh5.7.0.jar;C:\Users\shinelon\.m2\repository\com\thoughtworks\paranamer\paranamer\2.3\paranamer-2.3.jar;C:\Users\shinelon\.m2\repository\org\xerial\snappy\snappy-java\1.0.4.1\snappy-java-1.0.4.1.jar;C:\Users\shinelon\.m2\repository\com\google\protobuf\protobuf-java\2.5.0\protobuf-java-2.5.0.jar;C:\Users\shinelon\.m2\repository\com\google\code\gson\gson\2.2.4\gson-2.2.4.jar;C:\Users\shinelon\.m2\repository\org\apache\hadoop\hadoop-auth\2.6.0-cdh5.7.0\hadoop-auth-2.6.0-cdh5.7.0.jar;C:\Users\shinelon\.m2\repository\org\apache\httpcomponents\httpclient\4.2.5\httpclient-4.2.5.jar;C:\Users\shinelon\.m2\repository\org\apache\httpcomponents\httpcore\4.2.4\httpcore-4.2.4.jar;C:\Users\shinelon\.m2\repository\org\apache\directory\server\apacheds-kerberos-codec\2.0.0-M15\apacheds-kerberos-codec-2.0.0-M15.jar;C:\Users\shinelon\.m2\repository\org\apache\directory\server\apacheds-i18n\2.0.0-M15\apacheds-i18n-2.0.0-M15.jar;C:\Users\shinelon\.m2\repository\org\apache\directory\api\api-asn1-api\1.0.0-M20\api-asn1-api-1.0.0-M20.jar;C:\Users\shinelon\.m2\repository\org\apache\directory\api\api-util\1.0.0-M20\api-util-1.0.0-M20.jar;C:\Users\shinelon\.m2\repository\org\apache\curator\curator-framework\2.7.1\curator-framework-2.7.1.jar;C:\Users\shinelon\.m2\repository\org\apache\curator\curator-client\2.7.1\curator-client-2.7.1.jar;C:\Users\shinelon\.m2\repository\org\apache\curator\curator-recipes\2.7.1\curator-recipes-2.7.1.jar;C:\Users\shinelon\.m2\repository\com\google\code\findbugs\jsr305\3.0.0\jsr305-3.0.0.jar;C:\Users\shinelon\.m2\repository\org\apache\htrace\htrace-core4\4.0.1-incubating\htrace-core4-4.0.1-incubating.jar;C:\Users\shinelon\.m2\repository\org\apache\zookeeper\zookeeper\3.4.5-cdh5.7.0\zookeeper-3.4.5-cdh5.7.0.jar;C:\Users\shinelon\.m2\repository\org\apache\commons\commons-compress\1.4.1\commons-compress-1.4.1.jar;C:\Users\shinelon\.m2\repository\org\tukaani\xz\1.0\xz-1.0.jar;C:\Users\shinelon\.m2\repository\org\apache\hadoop\hadoop-hdfs\2.6.0-cdh5.7.0\hadoop-hdfs-2.6.0-cdh5.7.0.jar;C:\Users\shinelon\.m2\repository\org\mortbay\jetty\jetty-util\6.1.26.cloudera.4\jetty-util-6.1.26.cloudera.4.jar;C:\Users\shinelon\.m2\repository\io\netty\netty\3.6.2.Final\netty-3.6.2.Final.jar;C:\Users\shinelon\.m2\repository\io\netty\netty-all\4.0.23.Final\netty-all-4.0.23.Final.jar;C:\Users\shinelon\.m2\repository\xerces\xercesImpl\2.9.1\xercesImpl-2.9.1.jar;C:\Users\shinelon\.m2\repository\xml-apis\xml-apis\1.3.04\xml-apis-1.3.04.jar;C:\Users\shinelon\.m2\repository\org\fusesource\leveldbjni\leveldbjni-all\1.8\leveldbjni-all-1.8.jar;C:\Users\shinelon\.m2\repository\org\apache\hadoop\hadoop-mapreduce-client-app\2.6.0-cdh5.7.0\hadoop-mapreduce-client-app-2.6.0-cdh5.7.0.jar;C:\Users\shinelon\.m2\repository\org\apache\hadoop\hadoop-mapreduce-client-common\2.6.0-cdh5.7.0\hadoop-mapreduce-client-common-2.6.0-cdh5.7.0.jar;C:\Users\shinelon\.m2\repository\org\apache\hadoop\hadoop-yarn-client\2.6.0-cdh5.7.0\hadoop-yarn-client-2.6.0-cdh5.7.0.jar;C:\Users\shinelon\.m2\repository\org\apache\hadoop\hadoop-yarn-server-common\2.6.0-cdh5.7.0\hadoop-yarn-server-common-2.6.0-cdh5.7.0.jar;C:\Users\shinelon\.m2\repository\org\apache\hadoop\hadoop-mapreduce-client-shuffle\2.6.0-cdh5.7.0\hadoop-mapreduce-client-shuffle-2.6.0-cdh5.7.0.jar;C:\Users\shinelon\.m2\repository\org\apache\hadoop\hadoop-yarn-api\2.6.0-cdh5.7.0\hadoop-yarn-api-2.6.0-cdh5.7.0.jar;C:\Users\shinelon\.m2\repository\org\apache\hadoop\hadoop-mapreduce-client-core\2.6.0-cdh5.7.0\hadoop-mapreduce-client-core-2.6.0-cdh5.7.0.jar;C:\Users\shinelon\.m2\repository\org\apache\hadoop\hadoop-yarn-common\2.6.0-cdh5.7.0\hadoop-yarn-common-2.6.0-cdh5.7.0.jar;C:\Users\shinelon\.m2\repository\javax\xml\bind\jaxb-api\2.2.2\jaxb-api-2.2.2.jar;C:\Users\shinelon\.m2\repository\javax\xml\stream\stax-api\1.0-2\stax-api-1.0-2.jar;C:\Users\shinelon\.m2\repository\javax\activation\activation\1.1\activation-1.1.jar;C:\Users\shinelon\.m2\repository\com\sun\jersey\jersey-core\1.9\jersey-core-1.9.jar;C:\Users\shinelon\.m2\repository\com\sun\jersey\jersey-client\1.9\jersey-client-1.9.jar;C:\Users\shinelon\.m2\repository\org\codehaus\jackson\jackson-jaxrs\1.8.8\jackson-jaxrs-1.8.8.jar;C:\Users\shinelon\.m2\repository\org\codehaus\jackson\jackson-xc\1.8.8\jackson-xc-1.8.8.jar;C:\Users\shinelon\.m2\repository\org\apache\hadoop\hadoop-mapreduce-client-jobclient\2.6.0-cdh5.7.0\hadoop-mapreduce-client-jobclient-2.6.0-cdh5.7.0.jar;C:\Users\shinelon\.m2\repository\org\apache\hadoop\hadoop-aws\2.6.0-cdh5.7.0\hadoop-aws-2.6.0-cdh5.7.0.jar;C:\Users\shinelon\.m2\repository\com\fasterxml\jackson\core\jackson-databind\2.2.3\jackson-databind-2.2.3.jar;C:\Users\shinelon\.m2\repository\com\fasterxml\jackson\core\jackson-core\2.2.3\jackson-core-2.2.3.jar;C:\Users\shinelon\.m2\repository\com\fasterxml\jackson\core\jackson-annotations\2.2.3\jackson-annotations-2.2.3.jar;C:\Users\shinelon\.m2\repository\com\amazonaws\aws-java-sdk-s3\1.10.6\aws-java-sdk-s3-1.10.6.jar;C:\Users\shinelon\.m2\repository\com\amazonaws\aws-java-sdk-kms\1.10.6\aws-java-sdk-kms-1.10.6.jar;C:\Users\shinelon\.m2\repository\com\amazonaws\aws-java-sdk-core\1.10.6\aws-java-sdk-core-1.10.6.jar;C:\Users\shinelon\.m2\repository\org\apache\hadoop\hadoop-annotations\2.6.0-cdh5.7.0\hadoop-annotations-2.6.0-cdh5.7.0.jar;"/>
    <property name="sun.cpu.endian" value="little"/>
    <property name="user.home" value="C:\Users\shinelon"/>
    <property name="user.language" value="zh"/>
    <property name="java.specification.vendor" value="Oracle Corporation"/>
    <property name="java.home" value="C:\Program Files\Java\jdk1.8.0_161\jre"/>
    <property name="basedir" value="F:\Storm"/>
    <property name="file.separator" value="\"/>
    <property name="line.separator" value="&#10;"/>
    <property name="java.vm.specification.vendor" value="Oracle Corporation"/>
    <property name="java.specification.name" value="Java Platform API Specification"/>
    <property name="java.awt.graphicsenv" value="sun.awt.Win32GraphicsEnvironment"/>
    <property name="surefire.real.class.path" value="C:\Users\shinelon\AppData\Local\Temp\surefire6276243450681686445\surefirebooter1646078453408480962.jar"/>
    <property name="sun.boot.class.path" value="C:\Program Files\Java\jdk1.8.0_161\jre\lib\resources.jar;C:\Program Files\Java\jdk1.8.0_161\jre\lib\rt.jar;C:\Program Files\Java\jdk1.8.0_161\jre\lib\sunrsasign.jar;C:\Program Files\Java\jdk1.8.0_161\jre\lib\jsse.jar;C:\Program Files\Java\jdk1.8.0_161\jre\lib\jce.jar;C:\Program Files\Java\jdk1.8.0_161\jre\lib\charsets.jar;C:\Program Files\Java\jdk1.8.0_161\jre\lib\jfr.jar;C:\Program Files\Java\jdk1.8.0_161\jre\classes"/>
    <property name="user.script" value=""/>
    <property name="sun.management.compiler" value="HotSpot 64-Bit Tiered Compilers"/>
    <property name="java.runtime.version" value="1.8.0_161-b12"/>
    <property name="user.name" value="shinelon"/>
    <property name="path.separator" value=";"/>
    <property name="os.version" value="10.0"/>
    <property name="java.endorsed.dirs" value="C:\Program Files\Java\jdk1.8.0_161\jre\lib\endorsed"/>
    <property name="java.runtime.name" value="Java(TM) SE Runtime Environment"/>
    <property name="file.encoding" value="GBK"/>
    <property name="java.vm.name" value="Java HotSpot(TM) 64-Bit Server VM"/>
    <property name="localRepository" value="C:\Users\shinelon\.m2\repository"/>
    <property name="java.vendor.url.bug" value="http://bugreport.sun.com/bugreport/"/>
    <property name="java.io.tmpdir" value="C:\Users\shinelon\AppData\Local\Temp\"/>
    <property name="idea.version" value="2017.2.5"/>
    <property name="java.version" value="1.8.0_161"/>
    <property name="user.dir" value="F:\Storm"/>
    <property name="os.arch" value="amd64"/>
    <property name="java.vm.specification.name" value="Java Virtual Machine Specification"/>
    <property name="java.awt.printerjob" value="sun.awt.windows.WPrinterJob"/>
    <property name="sun.os.patch.level" value=""/>
    <property name="java.library.path" value="C:\Program Files\Java\jdk1.8.0_161\jre\bin;C:\WINDOWS\Sun\Java\bin;C:\WINDOWS\system32;C:\WINDOWS;C:\ProgramData\Oracle\Java\javapath;C:\WINDOWS\system32;C:\WINDOWS;C:\WINDOWS\System32\Wbem;C:\WINDOWS\System32\WindowsPowerShell\v1.0\;C:\Program Files\Java\jdk1.8.0_161\bin;C:\Program Files\Java\jre1.8.0_161\bin;C:\Program Files (x86)\MySQL\MySQL Server 5.5\bin;E:\python2.7.9;F:\scala-2.10.4\scala-2.10.4\bin;&quot;%SCALA_HOME%\bin;%SCALA_HOME%\jre\bin;&quot;;C:\Go\bin;C:\WINDOWS\System32\OpenSSH\;F:\apache-maven-3.5.0-bin\apache-maven-3.5.0\bin;C:\Users\shinelon\Anaconda2;C:\Users\shinelon\Anaconda2\Scripts;C:\Users\shinelon\Anaconda2\Library\bin;C:\Users\shinelon\AppData\Local\Microsoft\WindowsApps;C:\Users\shinelon\go\bin;;."/>
    <property name="java.vm.info" value="mixed mode"/>
    <property name="java.vendor" value="Oracle Corporation"/>
    <property name="java.vm.version" value="25.161-b12"/>
    <property name="java.ext.dirs" value="C:\Program Files\Java\jdk1.8.0_161\jre\lib\ext;C:\WINDOWS\Sun\Java\lib\ext"/>
    <property name="sun.io.unicode.encoding" value="UnicodeLittle"/>
    <property name="java.class.version" value="52.0"/>
  </properties>
  <testcase name="shouldAnswerWithTrue" classname="cn.just.shinelon.AppTest" time="0.001"/>
</testsuite>